This file contains any messages produced by compilers while
running configure, to aid debugging if configure makes a mistake.

It was created by gen68k configure 0.9.10, which was
generated by GNU Autoconf 2.63.  Invocation command line was

  $ ./configure 

## --------- ##
## Platform. ##
## --------- ##

hostname = Mexico
uname -m = i686
uname -r = 2.6.38-10-generic
uname -s = Linux
uname -v = #46-Ubuntu SMP Tue Jun 28 15:05:41 UTC 2011

/usr/bin/uname -p = unknown
/bin/uname -X     = unknown

/bin/arch              = unknown
/usr/bin/arch -k       = unknown
/usr/convex/getsysinfo = unknown
/usr/bin/hostinfo      = unknown
/bin/machine           = unknown
/usr/bin/oslevel       = unknown
/bin/universe          = unknown

PATH: /usr/local/sbin
PATH: /usr/local/bin
PATH: /usr/sbin
PATH: /usr/bin
PATH: /sbin
PATH: /bin
PATH: /usr/games


## ----------- ##
## Core tests. ##
## ----------- ##

configure:1873: checking build system type
configure:1891: result: i686-pc-linux-gnu
configure:1913: checking host system type
configure:1928: result: i686-pc-linux-gnu
configure:1950: checking target system type
configure:1965: result: i686-pc-linux-gnu
configure:2010: checking for a BSD-compatible install
configure:2078: result: /usr/bin/install -c
configure:2089: checking whether build environment is sane
configure:2132: result: yes
configure:2157: checking for a thread-safe mkdir -p
configure:2196: result: /bin/mkdir -p
configure:2209: checking for gawk
configure:2239: result: no
configure:2209: checking for mawk
configure:2225: found /usr/bin/mawk
configure:2236: result: mawk
configure:2247: checking whether make sets $(MAKE)
configure:2269: result: yes
configure:2502: checking for gcc
configure:2518: found /usr/bin/gcc
configure:2529: result: gcc
configure:2761: checking for C compiler version
configure:2769: gcc --version >&5
gcc (Ubuntu/Linaro 4.5.2-8ubuntu4) 4.5.2
Copyright (C) 2010 Free Software Foundation, Inc.
This is free software; see the source for copying conditions.  There is NO
warranty; not even for MERCHANTABILITY or FITNESS FOR A PARTICULAR PURPOSE.

configure:2773: $? = 0
configure:2780: gcc -v >&5
Using built-in specs.
COLLECT_GCC=gcc
COLLECT_LTO_WRAPPER=/usr/lib/i386-linux-gnu/gcc/i686-linux-gnu/4.5.2/lto-wrapper
Target: i686-linux-gnu
Configured with: ../src/configure -v --with-pkgversion='Ubuntu/Linaro 4.5.2-8ubuntu4' --with-bugurl=file:///usr/share/doc/gcc-4.5/README.Bugs --enable-languages=c,c++,fortran,objc,obj-c++ --prefix=/usr --program-suffix=-4.5 --enable-shared --enable-multiarch --with-multiarch-defaults=i386-linux-gnu --enable-linker-build-id --with-system-zlib --libexecdir=/usr/lib/i386-linux-gnu --without-included-gettext --enable-threads=posix --with-gxx-include-dir=/usr/include/c++/4.5 --libdir=/usr/lib/i386-linux-gnu --enable-nls --with-sysroot=/ --enable-clocale=gnu --enable-libstdcxx-debug --enable-libstdcxx-time=yes --enable-plugin --enable-gold --enable-ld=default --with-plugin-ld=ld.gold --enable-objc-gc --enable-targets=all --disable-werror --with-arch-32=i686 --with-tune=generic --enable-checking=release --build=i686-linux-gnu --host=i686-linux-gnu --target=i686-linux-gnu
Thread model: posix
gcc version 4.5.2 (Ubuntu/Linaro 4.5.2-8ubuntu4) 
configure:2784: $? = 0
configure:2791: gcc -V >&5
gcc: '-V' option must have argument
configure:2795: $? = 1
configure:2818: checking for C compiler default output file name
configure:2840: gcc    conftest.c  >&5
configure:2844: $? = 0
configure:2882: result: a.out
configure:2901: checking whether the C compiler works
configure:2911: ./a.out
configure:2915: $? = 0
configure:2934: result: yes
configure:2941: checking whether we are cross compiling
configure:2943: result: no
configure:2946: checking for suffix of executables
configure:2953: gcc -o conftest    conftest.c  >&5
configure:2957: $? = 0
configure:2983: result: 
configure:2989: checking for suffix of object files
configure:3015: gcc -c   conftest.c >&5
configure:3019: $? = 0
configure:3044: result: o
configure:3048: checking whether we are using the GNU C compiler
configure:3077: gcc -c   conftest.c >&5
configure:3084: $? = 0
configure:3101: result: yes
configure:3110: checking whether gcc accepts -g
configure:3140: gcc -c -g  conftest.c >&5
configure:3147: $? = 0
configure:3248: result: yes
configure:3265: checking for gcc option to accept ISO C89
configure:3339: gcc  -c -g -O2  conftest.c >&5
configure:3346: $? = 0
configure:3369: result: none needed
configure:3398: checking for style of include used by make
configure:3426: result: GNU
configure:3451: checking dependency style of gcc
configure:3542: result: gcc3
configure:3571: checking how to run the C preprocessor
configure:3611: gcc -E  conftest.c
configure:3618: $? = 0
configure:3649: gcc -E  conftest.c
conftest.c:10:28: fatal error: ac_nonexistent.h: No such file or directory
compilation terminated.
configure:3656: $? = 1
configure: failed program was:
| /* confdefs.h.  */
| #define PACKAGE_NAME "gen68k"
| #define PACKAGE_TARNAME "gen68k"
| #define PACKAGE_VERSION "0.9.10"
| #define PACKAGE_STRING "gen68k 0.9.10"
| #define PACKAGE_BUGREPORT ""
| #define PACKAGE "gen68k"
| #define VERSION "0.9.10"
| /* end confdefs.h.  */
| #include <ac_nonexistent.h>
configure:3689: result: gcc -E
configure:3718: gcc -E  conftest.c
configure:3725: $? = 0
configure:3756: gcc -E  conftest.c
conftest.c:10:28: fatal error: ac_nonexistent.h: No such file or directory
compilation terminated.
configure:3763: $? = 1
configure: failed program was:
| /* confdefs.h.  */
| #define PACKAGE_NAME "gen68k"
| #define PACKAGE_TARNAME "gen68k"
| #define PACKAGE_VERSION "0.9.10"
| #define PACKAGE_STRING "gen68k 0.9.10"
| #define PACKAGE_BUGREPORT ""
| #define PACKAGE "gen68k"
| #define VERSION "0.9.10"
| /* end confdefs.h.  */
| #include <ac_nonexistent.h>
configure:3803: checking for grep that handles long lines and -e
configure:3863: result: /bin/grep
configure:3868: checking for egrep
configure:3932: result: /bin/grep -E
configure:3937: checking for ANSI C header files
configure:3967: gcc -c -g -O2  conftest.c >&5
configure:3974: $? = 0
configure:4073: gcc -o conftest -g -O2   conftest.c  >&5
configure:4077: $? = 0
configure:4083: ./conftest
configure:4087: $? = 0
configure:4105: result: yes
configure:4129: checking for sys/types.h
configure:4150: gcc -c -g -O2  conftest.c >&5
configure:4157: $? = 0
configure:4174: result: yes
configure:4129: checking for sys/stat.h
configure:4150: gcc -c -g -O2  conftest.c >&5
configure:4157: $? = 0
configure:4174: result: yes
configure:4129: checking for stdlib.h
configure:4150: gcc -c -g -O2  conftest.c >&5
configure:4157: $? = 0
configure:4174: result: yes
configure:4129: checking for string.h
configure:4150: gcc -c -g -O2  conftest.c >&5
configure:4157: $? = 0
configure:4174: result: yes
configure:4129: checking for memory.h
configure:4150: gcc -c -g -O2  conftest.c >&5
configure:4157: $? = 0
configure:4174: result: yes
configure:4129: checking for strings.h
configure:4150: gcc -c -g -O2  conftest.c >&5
configure:4157: $? = 0
configure:4174: result: yes
configure:4129: checking for inttypes.h
configure:4150: gcc -c -g -O2  conftest.c >&5
configure:4157: $? = 0
configure:4174: result: yes
configure:4129: checking for stdint.h
configure:4150: gcc -c -g -O2  conftest.c >&5
configure:4157: $? = 0
configure:4174: result: yes
configure:4129: checking for unistd.h
configure:4150: gcc -c -g -O2  conftest.c >&5
configure:4157: $? = 0
configure:4174: result: yes
configure:4189: checking whether byte ordering is bigendian
configure:4214: gcc -c -g -O2  conftest.c >&5
conftest.c:21:13: error: expected '=', ',', ';', 'asm' or '__attribute__' before 'a'
configure:4221: $? = 1
configure: failed program was:
| /* confdefs.h.  */
| #define PACKAGE_NAME "gen68k"
| #define PACKAGE_TARNAME "gen68k"
| #define PACKAGE_VERSION "0.9.10"
| #define PACKAGE_STRING "gen68k 0.9.10"
| #define PACKAGE_BUGREPORT ""
| #define PACKAGE "gen68k"
| #define VERSION "0.9.10"
| #define STDC_HEADERS 1
| #define HAVE_SYS_TYPES_H 1
| #define HAVE_SYS_STAT_H 1
| #define HAVE_STDLIB_H 1
| #define HAVE_STRING_H 1
| #define HAVE_MEMORY_H 1
| #define HAVE_STRINGS_H 1
| #define HAVE_INTTYPES_H 1
| #define HAVE_STDINT_H 1
| #define HAVE_UNISTD_H 1
| /* end confdefs.h.  */
| #ifndef __APPLE_CC__
| 	       not a universal capable compiler
| 	     #endif
| 	     typedef int dummy;
| 
configure:4271: gcc -c -g -O2  conftest.c >&5
configure:4278: $? = 0
configure:4310: gcc -c -g -O2  conftest.c >&5
conftest.c: In function 'main':
conftest.c:27:4: error: 'not' undeclared (first use in this function)
conftest.c:27:4: note: each undeclared identifier is reported only once for each function it appears in
conftest.c:27:8: error: expected ';' before 'big'
configure:4317: $? = 1
configure: failed program was:
| /* confdefs.h.  */
| #define PACKAGE_NAME "gen68k"
| #define PACKAGE_TARNAME "gen68k"
| #define PACKAGE_VERSION "0.9.10"
| #define PACKAGE_STRING "gen68k 0.9.10"
| #define PACKAGE_BUGREPORT ""
| #define PACKAGE "gen68k"
| #define VERSION "0.9.10"
| #define STDC_HEADERS 1
| #define HAVE_SYS_TYPES_H 1
| #define HAVE_SYS_STAT_H 1
| #define HAVE_STDLIB_H 1
| #define HAVE_STRING_H 1
| #define HAVE_MEMORY_H 1
| #define HAVE_STRINGS_H 1
| #define HAVE_INTTYPES_H 1
| #define HAVE_STDINT_H 1
| #define HAVE_UNISTD_H 1
| /* end confdefs.h.  */
| #include <sys/types.h>
| 		#include <sys/param.h>
| 
| int
| main ()
| {
| #if BYTE_ORDER != BIG_ENDIAN
| 		 not big endian
| 		#endif
| 
|   ;
|   return 0;
| }
configure:4569: result: no
configure:4596: checking whether gcc and cc understand -c and -o together
configure:4631: gcc -c conftest.c -o conftest2.o >&5
configure:4635: $? = 0
configure:4641: gcc -c conftest.c -o conftest2.o >&5
configure:4645: $? = 0
configure:4656: cc -c conftest.c >&5
configure:4660: $? = 0
configure:4668: cc -c conftest.c -o conftest2.o >&5
configure:4672: $? = 0
configure:4678: cc -c conftest.c -o conftest2.o >&5
configure:4682: $? = 0
configure:4700: result: yes
configure:4884: creating ./config.status

## ---------------------- ##
## Running config.status. ##
## ---------------------- ##

This file was extended by gen68k config.status 0.9.10, which was
generated by GNU Autoconf 2.63.  Invocation command line was

  CONFIG_FILES    = 
  CONFIG_HEADERS  = 
  CONFIG_LINKS    = 
  CONFIG_COMMANDS = 
  $ ./config.status 

on Mexico

config.status:703: creating Makefile
config.status:914: executing depfiles commands

## ---------------- ##
## Cache variables. ##
## ---------------- ##

ac_cv_build=i686-pc-linux-gnu
ac_cv_c_bigendian=no
ac_cv_c_compiler_gnu=yes
ac_cv_env_CC_set=
ac_cv_env_CC_value=
ac_cv_env_CFLAGS_set=
ac_cv_env_CFLAGS_value=
ac_cv_env_CPPFLAGS_set=
ac_cv_env_CPPFLAGS_value=
ac_cv_env_CPP_set=
ac_cv_env_CPP_value=
ac_cv_env_LDFLAGS_set=
ac_cv_env_LDFLAGS_value=
ac_cv_env_LIBS_set=
ac_cv_env_LIBS_value=
ac_cv_env_build_alias_set=
ac_cv_env_build_alias_value=
ac_cv_env_host_alias_set=
ac_cv_env_host_alias_value=
ac_cv_env_target_alias_set=
ac_cv_env_target_alias_value=
ac_cv_header_inttypes_h=yes
ac_cv_header_memory_h=yes
ac_cv_header_stdc=yes
ac_cv_header_stdint_h=yes
ac_cv_header_stdlib_h=yes
ac_cv_header_string_h=yes
ac_cv_header_strings_h=yes
ac_cv_header_sys_stat_h=yes
ac_cv_header_sys_types_h=yes
ac_cv_header_unistd_h=yes
ac_cv_host=i686-pc-linux-gnu
ac_cv_objext=o
ac_cv_path_EGREP='/bin/grep -E'
ac_cv_path_GREP=/bin/grep
ac_cv_path_install='/usr/bin/install -c'
ac_cv_path_mkdir=/bin/mkdir
ac_cv_prog_AWK=mawk
ac_cv_prog_CPP='gcc -E'
ac_cv_prog_ac_ct_CC=gcc
ac_cv_prog_cc_c89=
ac_cv_prog_cc_g=yes
ac_cv_prog_cc_gcc_c_o=yes
ac_cv_prog_make_make_set=yes
ac_cv_target=i686-pc-linux-gnu
am_cv_CC_dependencies_compiler_type=gcc3

## ----------------- ##
## Output variables. ##
## ----------------- ##

ACLOCAL='${SHELL} /home/jason/Projects/mednafen-ps3back/yabause/missing --run aclocal-1.10'
AMDEPBACKSLASH='\'
AMDEP_FALSE='#'
AMDEP_TRUE=''
AMTAR='${SHELL} /home/jason/Projects/mednafen-ps3back/yabause/missing --run tar'
AUTOCONF='${SHELL} /home/jason/Projects/mednafen-ps3back/yabause/missing --run autoconf'
AUTOHEADER='${SHELL} /home/jason/Projects/mednafen-ps3back/yabause/missing --run autoheader'
AUTOMAKE='${SHELL} /home/jason/Projects/mednafen-ps3back/yabause/missing --run automake-1.10'
AWK='mawk'
CC='gcc'
CCDEPMODE='depmode=gcc3'
CFLAGS='-g -O2'
CPP='gcc -E'
CPPFLAGS=''
CYGPATH_W='echo'
DEFS='-DPACKAGE_NAME=\"gen68k\" -DPACKAGE_TARNAME=\"gen68k\" -DPACKAGE_VERSION=\"0.9.10\" -DPACKAGE_STRING=\"gen68k\ 0.9.10\" -DPACKAGE_BUGREPORT=\"\" -DPACKAGE=\"gen68k\" -DVERSION=\"0.9.10\" -DSTDC_HEADERS=1 -DHAVE_SYS_TYPES_H=1 -DHAVE_SYS_STAT_H=1 -DHAVE_STDLIB_H=1 -DHAVE_STRING_H=1 -DHAVE_MEMORY_H=1 -DHAVE_STRINGS_H=1 -DHAVE_INTTYPES_H=1 -DHAVE_STDINT_H=1 -DHAVE_UNISTD_H=1'
DEPDIR='.deps'
ECHO_C=''
ECHO_N='-n'
ECHO_T=''
EGREP='/bin/grep -E'
EXEEXT=''
GREP='/bin/grep'
INSTALL_DATA='${INSTALL} -m 644'
INSTALL_PROGRAM='${INSTALL}'
INSTALL_SCRIPT='${INSTALL}'
INSTALL_STRIP_PROGRAM='$(install_sh) -c -s'
LDFLAGS=''
LIBOBJS=''
LIBS=''
LTLIBOBJS=''
MAKEINFO='${SHELL} /home/jason/Projects/mednafen-ps3back/yabause/missing --run makeinfo'
MKDIR_P='/bin/mkdir -p'
OBJEXT='o'
PACKAGE='gen68k'
PACKAGE_BUGREPORT=''
PACKAGE_NAME='gen68k'
PACKAGE_STRING='gen68k 0.9.10'
PACKAGE_TARNAME='gen68k'
PACKAGE_VERSION='0.9.10'
PATH_SEPARATOR=':'
SET_MAKE=''
SHELL='/bin/bash'
STRIP=''
VERSION='0.9.10'
ac_ct_CC='gcc'
am__fastdepCC_FALSE='#'
am__fastdepCC_TRUE=''
am__include='include'
am__isrc=''
am__leading_dot='.'
am__quote=''
am__tar='${AMTAR} chof - "$$tardir"'
am__untar='${AMTAR} xf -'
bindir='${exec_prefix}/bin'
build='i686-pc-linux-gnu'
build_alias=''
build_cpu='i686'
build_os='linux-gnu'
build_vendor='pc'
datadir='${datarootdir}'
datarootdir='${prefix}/share'
docdir='${datarootdir}/doc/${PACKAGE_TARNAME}'
dvidir='${docdir}'
exec_prefix='${prefix}'
host='i686-pc-linux-gnu'
host_alias=''
host_cpu='i686'
host_os='linux-gnu'
host_vendor='pc'
htmldir='${docdir}'
includedir='${prefix}/include'
infodir='${datarootdir}/info'
install_sh='$(SHELL) /home/jason/Projects/mednafen-ps3back/yabause/install-sh'
libdir='${exec_prefix}/lib'
libexecdir='${exec_prefix}/libexec'
localedir='${datarootdir}/locale'
localstatedir='${prefix}/var'
mandir='${datarootdir}/man'
mkdir_p='/bin/mkdir -p'
oldincludedir='/usr/include'
pdfdir='${docdir}'
prefix='/usr/local'
program_transform_name='s,x,x,'
psdir='${docdir}'
sbindir='${exec_prefix}/sbin'
sharedstatedir='${prefix}/com'
sysconfdir='${prefix}/etc'
target='i686-pc-linux-gnu'
target_alias=''
target_cpu='i686'
target_os='linux-gnu'
target_vendor='pc'

## ----------- ##
## confdefs.h. ##
## ----------- ##

#define PACKAGE_NAME "gen68k"
#define PACKAGE_TARNAME "gen68k"
#define PACKAGE_VERSION "0.9.10"
#define PACKAGE_STRING "gen68k 0.9.10"
#define PACKAGE_BUGREPORT ""
#define PACKAGE "gen68k"
#define VERSION "0.9.10"
#define STDC_HEADERS 1
#define HAVE_SYS_TYPES_H 1
#define HAVE_SYS_STAT_H 1
#define HAVE_STDLIB_H 1
#define HAVE_STRING_H 1
#define HAVE_MEMORY_H 1
#define HAVE_STRINGS_H 1
#define HAVE_INTTYPES_H 1
#define HAVE_STDINT_H 1
#define HAVE_UNISTD_H 1

configure: exit 0
